<?xml version="1.0" encoding="UTF-8"?>
<!-- Generated by org.testng.reporters.JUnitXMLReporter -->
<testsuite ignored="0" hostname="PoojaN-D" failures="1" tests="15" name="Surefire test" time="142.169" errors="0" timestamp="2024-12-24T15:13:41 IST">
  <testcase classname="com.qa.testcases.AccountTypePageTest" name="verifyHsbcLabel" time="0.265"/>
  <testcase classname="com.qa.testcases.LoginPageTest" name="loginPageTitleTest" time="0.015"/>
  <testcase classname="com.qa.testcases.LoginPageTest" name="LogoTest" time="0.343"/>
  <testcase classname="com.qa.testcases.LoginPageTest" name="loginTest" time="0.65"/>
  <testcase classname="com.qa.testcases.LPtoAccOpenTest" name="verifyLandingPageTitleTest" time="0.71"/>
  <testcase classname="com.qa.testcases.LPtoAccOpenTest" name="verifyLogonToLabelTest" time="0.451"/>
  <testcase classname="com.qa.testcases.LPtoAccOpenTest" name="verifyAccOpeningJourneyTest" time="1.504"/>
  <testcase classname="com.qa.testcases.LPtoAccOpenTest" name="verifyCommandCentralTest" time="1.997"/>
  <testcase classname="com.qa.testcases.LPtoCmdCentralTest" name="verifyLandingPageTitleTest" time="0.049"/>
  <testcase classname="com.qa.testcases.LPtoCmdCentralTest" name="verifyLogonToLabelTest" time="0.092"/>
  <testcase classname="com.qa.testcases.LPtoCmdCentralTest" name="verifyCommandCentralTest" time="2.4"/>
  <testcase classname="com.qa.testcases.UserPageTest" name="validateCreateNewUser" time="3.385"/>
  <testcase classname="com.qa.testcases.UserPageTest" name="validateCreateNewUser" time="3.144"/>
  <testcase classname="com.qa.testcases.UserPageTest" name="validateCreateNewUser" time="22.196">
    <failure type="org.openqa.selenium.NoSuchElementException" message="Cannot locate element with text: User Admin
For documentation on this error, please visit: http://seleniumhq.org/exceptions/no_such_element.html
Build info: version: &amp;apos;3.14.0&amp;apos;, revision: &amp;apos;aacccce0&amp;apos;, time: &amp;apos;2018-08-02T20:19:58.91Z&amp;apos;
System info: host: &amp;apos;POOJAN-D&amp;apos;, ip: &amp;apos;192.168.40.55&amp;apos;, os.name: &amp;apos;Windows 10&amp;apos;, os.arch: &amp;apos;amd64&amp;apos;, os.version: &amp;apos;10.0&amp;apos;, java.version: &amp;apos;17.0.12&amp;apos;
Driver info: driver.version: unknown">
      <![CDATA[org.openqa.selenium.NoSuchElementException: Cannot locate element with text: User Admin
For documentation on this error, please visit: http://seleniumhq.org/exceptions/no_such_element.html
Build info: version: '3.14.0', revision: 'aacccce0', time: '2018-08-02T20:19:58.91Z'
System info: host: 'POOJAN-D', ip: '192.168.40.55', os.name: 'Windows 10', os.arch: 'amd64', os.version: '10.0', java.version: '17.0.12'
Driver info: driver.version: unknown
at org.openqa.selenium.support.ui.Select.selectByVisibleText(Select.java:151)
at com.qa.pages.UserPage.createNewUser(UserPage.java:69)
at com.qa.testcases.UserPageTest.validateCreateNewUser(UserPageTest.java:50)
at java.base/java.util.ArrayList.forEach(ArrayList.java:1511)
... Removed 32 stack frames]]>
    </failure>
  </testcase> <!-- validateCreateNewUser -->
  <testcase classname="com.qa.testcases.UserPageTest" name="validateCreateNewUser" time="2.742"/>
</testsuite> <!-- Surefire test -->
