<html>
<head>
<title>TestNG:  Surefire test</title>
<link href="../testng.css" rel="stylesheet" type="text/css" />
<link href="../my-testng.css" rel="stylesheet" type="text/css" />

<style type="text/css">
.log { display: none;} 
.stack-trace { display: none;} 
</style>
<script type="text/javascript">
<!--
function flip(e) {
  current = e.style.display;
  if (current == 'block') {
    e.style.display = 'none';
    return 0;
  }
  else {
    e.style.display = 'block';
    return 1;
  }
}

function toggleBox(szDivId, elem, msg1, msg2)
{
  var res = -1;  if (document.getElementById) {
    res = flip(document.getElementById(szDivId));
  }
  else if (document.all) {
    // this is the way old msie versions work
    res = flip(document.all[szDivId]);
  }
  if(elem) {
    if(res == 0) elem.innerHTML = msg1; else elem.innerHTML = msg2;
  }

}

function toggleAllBoxes() {
  if (document.getElementsByTagName) {
    d = document.getElementsByTagName('div');
    for (i = 0; i < d.length; i++) {
      if (d[i].className == 'log') {
        flip(d[i]);
      }
    }
  }
}

// -->
</script>

</head>
<body>
<h2 align='center'>Surefire test</h2><table border='1' align="center">
<tr>
<td>Tests passed/Failed/Skipped:</td><td>14/1/0</td>
</tr><tr>
<td>Started on:</td><td>Tue Dec 24 15:11:19 IST 2024</td>
</tr>
<tr><td>Total time:</td><td>142 seconds (142169 ms)</td>
</tr><tr>
<td>Included groups:</td><td></td>
</tr><tr>
<td>Excluded groups:</td><td></td>
</tr>
</table><p/>
<small><i>(Hover the method name to see the test class name)</i></small><p/>
<table width='100%' border='1' class='invocation-failed'>
<tr><td colspan='4' align='center'><b>FAILED TESTS</b></td></tr>
<tr><td><b>Test method</b></td>
<td><b>Attribute(s)</b></td>
<td width="30%"><b>Exception</b></td>
<td width="10%"><b>Time (seconds)</b></td>
<td><b>Instance</b></td>
</tr>
<tr>
<td title='com.qa.testcases.UserPageTest.validateCreateNewUser()'><b>validateCreateNewUser</b><br>Test class: com.qa.testcases.UserPageTest<br>Parameters: Test2, C0554149, 9.685745634E9, test2@gmail.com, Hyderabad, Business, User Admin, Karan Singh</td>
<td><div><pre>org.openqa.selenium.NoSuchElementException: Cannot locate element with text: User Admin
For documentation on this error, please visit: http://seleniumhq.org/exceptions/no_such_element.html
Build info: version: &apos;3.14.0&apos;, revision: &apos;aacccce0&apos;, time: &apos;2018-08-02T20:19:58.91Z&apos;
System info: host: &apos;POOJAN-D&apos;, ip: &apos;192.168.40.55&apos;, os.name: &apos;Windows 10&apos;, os.arch: &apos;amd64&apos;, os.version: &apos;10.0&apos;, java.version: &apos;17.0.12&apos;
Driver info: driver.version: unknown
	at org.openqa.selenium.support.ui.Select.selectByVisibleText(Select.java:151)
	at com.qa.pages.UserPage.createNewUser(UserPage.java:69)
	at com.qa.testcases.UserPageTest.validateCreateNewUser(UserPageTest.java:50)
	at java.base/java.util.ArrayList.forEach(ArrayList.java:1511)
... Removed 32 stack frames</pre></div><a href='#' onClick='toggleBox("stack-trace666586565", this, "Click to show all stack frames", "Click to hide stack frames")'>Click to show all stack frames</a>
<div class='stack-trace' id='stack-trace666586565'><pre>org.openqa.selenium.NoSuchElementException: Cannot locate element with text: User Admin
For documentation on this error, please visit: http://seleniumhq.org/exceptions/no_such_element.html
Build info: version: &apos;3.14.0&apos;, revision: &apos;aacccce0&apos;, time: &apos;2018-08-02T20:19:58.91Z&apos;
System info: host: &apos;POOJAN-D&apos;, ip: &apos;192.168.40.55&apos;, os.name: &apos;Windows 10&apos;, os.arch: &apos;amd64&apos;, os.version: &apos;10.0&apos;, java.version: &apos;17.0.12&apos;
Driver info: driver.version: unknown
	at org.openqa.selenium.support.ui.Select.selectByVisibleText(Select.java:151)
	at com.qa.pages.UserPage.createNewUser(UserPage.java:69)
	at com.qa.testcases.UserPageTest.validateCreateNewUser(UserPageTest.java:50)
	at java.base/jdk.internal.reflect.NativeMethodAccessorImpl.invoke0(Native Method)
	at java.base/jdk.internal.reflect.NativeMethodAccessorImpl.invoke(NativeMethodAccessorImpl.java:77)
	at java.base/jdk.internal.reflect.DelegatingMethodAccessorImpl.invoke(DelegatingMethodAccessorImpl.java:43)
	at java.base/java.lang.reflect.Method.invoke(Method.java:568)
	at org.testng.internal.invokers.MethodInvocationHelper.invokeMethod(MethodInvocationHelper.java:141)
	at org.testng.internal.invokers.TestInvoker.invokeMethod(TestInvoker.java:686)
	at org.testng.internal.invokers.TestInvoker.invokeTestMethod(TestInvoker.java:230)
	at org.testng.internal.invokers.MethodRunner.runInSequence(MethodRunner.java:63)
	at org.testng.internal.invokers.TestInvoker$MethodInvocationAgent.invoke(TestInvoker.java:992)
	at org.testng.internal.invokers.TestInvoker.invokeTestMethods(TestInvoker.java:203)
	at org.testng.internal.invokers.TestMethodWorker.invokeTestMethods(TestMethodWorker.java:154)
	at org.testng.internal.invokers.TestMethodWorker.run(TestMethodWorker.java:134)
	at java.base/java.util.ArrayList.forEach(ArrayList.java:1511)
	at org.testng.TestRunner.privateRun(TestRunner.java:739)
	at org.testng.TestRunner.run(TestRunner.java:614)
	at org.testng.SuiteRunner.runTest(SuiteRunner.java:421)
	at org.testng.SuiteRunner.runSequentially(SuiteRunner.java:413)
	at org.testng.SuiteRunner.privateRun(SuiteRunner.java:373)
	at org.testng.SuiteRunner.run(SuiteRunner.java:312)
	at org.testng.SuiteRunnerWorker.runSuite(SuiteRunnerWorker.java:52)
	at org.testng.SuiteRunnerWorker.run(SuiteRunnerWorker.java:95)
	at org.testng.TestNG.runSuitesSequentially(TestNG.java:1274)
	at org.testng.TestNG.runSuitesLocally(TestNG.java:1208)
	at org.testng.TestNG.runSuites(TestNG.java:1112)
	at org.testng.TestNG.run(TestNG.java:1079)
	at org.apache.maven.surefire.testng.TestNGExecutor.run(TestNGExecutor.java:155)
	at org.apache.maven.surefire.testng.TestNGDirectoryTestSuite.executeMulti(TestNGDirectoryTestSuite.java:169)
	at org.apache.maven.surefire.testng.TestNGDirectoryTestSuite.execute(TestNGDirectoryTestSuite.java:88)
	at org.apache.maven.surefire.testng.TestNGProvider.invoke(TestNGProvider.java:137)
	at org.apache.maven.surefire.booter.ForkedBooter.runSuitesInProcess(ForkedBooter.java:385)
	at org.apache.maven.surefire.booter.ForkedBooter.execute(ForkedBooter.java:162)
	at org.apache.maven.surefire.booter.ForkedBooter.run(ForkedBooter.java:507)
	at org.apache.maven.surefire.booter.ForkedBooter.main(ForkedBooter.java:495)
</pre></div></td>
<td>22</td>
<td>com.qa.testcases.UserPageTest@3e2e18f2</td></tr>
</table><p>
<table width='100%' border='1' class='invocation-passed'>
<tr><td colspan='4' align='center'><b>PASSED TESTS</b></td></tr>
<tr><td><b>Test method</b></td>
<td><b>Attribute(s)</b></td>
<td width="30%"><b>Exception</b></td>
<td width="10%"><b>Time (seconds)</b></td>
<td><b>Instance</b></td>
</tr>
<tr>
<td title='com.qa.testcases.LPtoAccOpenTest.verifyLogonToLabelTest()'><b>verifyLogonToLabelTest</b><br>Test class: com.qa.testcases.LPtoAccOpenTest</td>
<td></td>
<td>0</td>
<td>com.qa.testcases.LPtoAccOpenTest@3c130745</td></tr>
<tr>
<td title='com.qa.testcases.LoginPageTest.LogoTest()'><b>LogoTest</b><br>Test class: com.qa.testcases.LoginPageTest</td>
<td></td>
<td>0</td>
<td>com.qa.testcases.LoginPageTest@61230f6a</td></tr>
<tr>
<td title='com.qa.testcases.UserPageTest.validateCreateNewUser()'><b>validateCreateNewUser</b><br>Test class: com.qa.testcases.UserPageTest<br>Parameters: Test1, C0554148, 9.685745633E9, test1@gmail.com, UAE, Frontline, MSF, Karan Singh</td>
<td></td>
<td>3</td>
<td>com.qa.testcases.UserPageTest@3e2e18f2</td></tr>
<tr>
<td title='com.qa.testcases.UserPageTest.validateCreateNewUser()'><b>validateCreateNewUser</b><br>Test class: com.qa.testcases.UserPageTest<br>Parameters: Test3, C0554150, 9.685745634E9, test3@gmail.com, Jaipur, ACE ADMIN, Branch Banking, Karan Singh</td>
<td></td>
<td>2</td>
<td>com.qa.testcases.UserPageTest@3e2e18f2</td></tr>
<tr>
<td title='com.qa.testcases.LoginPageTest.loginTest()'><b>loginTest</b><br>Test class: com.qa.testcases.LoginPageTest</td>
<td></td>
<td>0</td>
<td>com.qa.testcases.LoginPageTest@61230f6a</td></tr>
<tr>
<td title='com.qa.testcases.LoginPageTest.loginPageTitleTest()'><b>loginPageTitleTest</b><br>Test class: com.qa.testcases.LoginPageTest</td>
<td></td>
<td>0</td>
<td>com.qa.testcases.LoginPageTest@61230f6a</td></tr>
<tr>
<td title='com.qa.testcases.LPtoAccOpenTest.verifyAccOpeningJourneyTest()'><b>verifyAccOpeningJourneyTest</b><br>Test class: com.qa.testcases.LPtoAccOpenTest</td>
<td></td>
<td>1</td>
<td>com.qa.testcases.LPtoAccOpenTest@3c130745</td></tr>
<tr>
<td title='com.qa.testcases.LPtoAccOpenTest.verifyCommandCentralTest()'><b>verifyCommandCentralTest</b><br>Test class: com.qa.testcases.LPtoAccOpenTest</td>
<td></td>
<td>1</td>
<td>com.qa.testcases.LPtoAccOpenTest@3c130745</td></tr>
<tr>
<td title='com.qa.testcases.AccountTypePageTest.verifyHsbcLabel()'><b>verifyHsbcLabel</b><br>Test class: com.qa.testcases.AccountTypePageTest</td>
<td></td>
<td>0</td>
<td>com.qa.testcases.AccountTypePageTest@96def03</td></tr>
<tr>
<td title='com.qa.testcases.LPtoCmdCentralTest.verifyLandingPageTitleTest()'><b>verifyLandingPageTitleTest</b><br>Test class: com.qa.testcases.LPtoCmdCentralTest</td>
<td></td>
<td>0</td>
<td>com.qa.testcases.LPtoCmdCentralTest@cd3fee8</td></tr>
<tr>
<td title='com.qa.testcases.LPtoCmdCentralTest.verifyLogonToLabelTest()'><b>verifyLogonToLabelTest</b><br>Test class: com.qa.testcases.LPtoCmdCentralTest</td>
<td></td>
<td>0</td>
<td>com.qa.testcases.LPtoCmdCentralTest@cd3fee8</td></tr>
<tr>
<td title='com.qa.testcases.LPtoCmdCentralTest.verifyCommandCentralTest()'><b>verifyCommandCentralTest</b><br>Test class: com.qa.testcases.LPtoCmdCentralTest</td>
<td></td>
<td>2</td>
<td>com.qa.testcases.LPtoCmdCentralTest@cd3fee8</td></tr>
<tr>
<td title='com.qa.testcases.UserPageTest.validateCreateNewUser()'><b>validateCreateNewUser</b><br>Test class: com.qa.testcases.UserPageTest<br>Parameters: Pooja, C0554147, 9.685745632E9, pooja@gmail.com, Main Branch, Mumbai, ACE ADMIN, Branch Banking, Karan Singh</td>
<td></td>
<td>3</td>
<td>com.qa.testcases.UserPageTest@3e2e18f2</td></tr>
<tr>
<td title='com.qa.testcases.LPtoAccOpenTest.verifyLandingPageTitleTest()'><b>verifyLandingPageTitleTest</b><br>Test class: com.qa.testcases.LPtoAccOpenTest</td>
<td></td>
<td>0</td>
<td>com.qa.testcases.LPtoAccOpenTest@3c130745</td></tr>
</table><p>
</body>
</html>